<?xml version="1.0" encoding="UTF-8"?>
<testsuite name="Tests" tests="1" skipped="0" failures="0" errors="0" timestamp="2023-05-04T00:40:15" hostname="LIN24006832" time="0.52">
  <properties/>
  <testcase name="start" classname="Tests" time="0.52"/>
  <system-out><![CDATA[?[1;31m
Start test 1?[0m
Player 1, place your ships on the game field
- 1 2 3 4 5 6 7 8 9 10
A ~ ~ ~ ~ ~ ~ ~ ~ ~ ~
B ~ ~ ~ ~ ~ ~ ~ ~ ~ ~
C ~ ~ ~ ~ ~ ~ ~ ~ ~ ~
D ~ ~ ~ ~ ~ ~ ~ ~ ~ ~
E ~ ~ ~ ~ ~ ~ ~ ~ ~ ~
F ~ ~ ~ ~ ~ ~ ~ ~ ~ ~
G ~ ~ ~ ~ ~ ~ ~ ~ ~ ~
H ~ ~ ~ ~ ~ ~ ~ ~ ~ ~
I ~ ~ ~ ~ ~ ~ ~ ~ ~ ~
J ~ ~ ~ ~ ~ ~ ~ ~ ~ ~
Enter the coordinates of the Aircraft Carrier (5 cells):
> F3 F7
[F3, F4, F5, F6, F7]
- 1 2 3 4 5 6 7 8 9 10
A ~ ~ ~ ~ ~ ~ ~ ~ ~ ~
B ~ ~ ~ ~ ~ ~ ~ ~ ~ ~
C ~ ~ ~ ~ ~ ~ ~ ~ ~ ~
D ~ ~ ~ ~ ~ ~ ~ ~ ~ ~
E ~ ~ ~ ~ ~ ~ ~ ~ ~ ~
F ~ ~ o o o o o ~ ~ ~
G ~ ~ ~ ~ ~ ~ ~ ~ ~ ~
H ~ ~ ~ ~ ~ ~ ~ ~ ~ ~
I ~ ~ ~ ~ ~ ~ ~ ~ ~ ~
J ~ ~ ~ ~ ~ ~ ~ ~ ~ ~
Enter the coordinates of the Battleship (4 cells):
> A1 D1
[A1, B1, C1, D1]
- 1 2 3 4 5 6 7 8 9 10
A o ~ ~ ~ ~ ~ ~ ~ ~ ~
B o ~ ~ ~ ~ ~ ~ ~ ~ ~
C o ~ ~ ~ ~ ~ ~ ~ ~ ~
D o ~ ~ ~ ~ ~ ~ ~ ~ ~
E ~ ~ ~ ~ ~ ~ ~ ~ ~ ~
F ~ ~ o o o o o ~ ~ ~
G ~ ~ ~ ~ ~ ~ ~ ~ ~ ~
H ~ ~ ~ ~ ~ ~ ~ ~ ~ ~
I ~ ~ ~ ~ ~ ~ ~ ~ ~ ~
J ~ ~ ~ ~ ~ ~ ~ ~ ~ ~
Enter the coordinates of the Submarine (3 cells):
> J7 J10
Error! Wrong length of the Submarine Try again:> J10 J8
[J8, J9, J10]
- 1 2 3 4 5 6 7 8 9 10
A o ~ ~ ~ ~ ~ ~ ~ ~ ~
B o ~ ~ ~ ~ ~ ~ ~ ~ ~
C o ~ ~ ~ ~ ~ ~ ~ ~ ~
D o ~ ~ ~ ~ ~ ~ ~ ~ ~
E ~ ~ ~ ~ ~ ~ ~ ~ ~ ~
F ~ ~ o o o o o ~ ~ ~
G ~ ~ ~ ~ ~ ~ ~ ~ ~ ~
H ~ ~ ~ ~ ~ ~ ~ ~ ~ ~
I ~ ~ ~ ~ ~ ~ ~ ~ ~ ~
J ~ ~ ~ ~ ~ ~ ~ o o o
Enter the coordinates of the Cruiser (3 cells):
> B9 D8
Error! Wrong ship location! Try again:> B9 D9
[B9, C9, D9]
- 1 2 3 4 5 6 7 8 9 10
A o ~ ~ ~ ~ ~ ~ ~ ~ ~
B o ~ ~ ~ ~ ~ ~ ~ o ~
C o ~ ~ ~ ~ ~ ~ ~ o ~
D o ~ ~ ~ ~ ~ ~ ~ o ~
E ~ ~ ~ ~ ~ ~ ~ ~ ~ ~
F ~ ~ o o o o o ~ ~ ~
G ~ ~ ~ ~ ~ ~ ~ ~ ~ ~
H ~ ~ ~ ~ ~ ~ ~ ~ ~ ~
I ~ ~ ~ ~ ~ ~ ~ ~ ~ ~
J ~ ~ ~ ~ ~ ~ ~ o o o
Enter the coordinates of the Destroyer (2 cells):
> E6 D6
Error! You placed it too close to another one. Try again:> I2 J2
[I2, J2]
- 1 2 3 4 5 6 7 8 9 10
A o ~ ~ ~ ~ ~ ~ ~ ~ ~
B o ~ ~ ~ ~ ~ ~ ~ o ~
C o ~ ~ ~ ~ ~ ~ ~ o ~
D o ~ ~ ~ ~ ~ ~ ~ o ~
E ~ ~ ~ ~ ~ ~ ~ ~ ~ ~
F ~ ~ o o o o o ~ ~ ~
G ~ ~ ~ ~ ~ ~ ~ ~ ~ ~
H ~ ~ ~ ~ ~ ~ ~ ~ ~ ~
I ~ o ~ ~ ~ ~ ~ ~ ~ ~
J ~ o ~ ~ ~ ~ ~ o o o
Press Enter and pass the move to another player
> 
Player 2, place your ships to the game field
- 1 2 3 4 5 6 7 8 9 10
A ~ ~ ~ ~ ~ ~ ~ ~ ~ ~
B ~ ~ ~ ~ ~ ~ ~ ~ ~ ~
C ~ ~ ~ ~ ~ ~ ~ ~ ~ ~
D ~ ~ ~ ~ ~ ~ ~ ~ ~ ~
E ~ ~ ~ ~ ~ ~ ~ ~ ~ ~
F ~ ~ ~ ~ ~ ~ ~ ~ ~ ~
G ~ ~ ~ ~ ~ ~ ~ ~ ~ ~
H ~ ~ ~ ~ ~ ~ ~ ~ ~ ~
I ~ ~ ~ ~ ~ ~ ~ ~ ~ ~
J ~ ~ ~ ~ ~ ~ ~ ~ ~ ~
Enter the coordinates of the Aircraft Carrier (5 cells):
> H2 H6
[H2, H3, H4, H5, H6]
- 1 2 3 4 5 6 7 8 9 10
A ~ ~ ~ ~ ~ ~ ~ ~ ~ ~
B ~ ~ ~ ~ ~ ~ ~ ~ ~ ~
C ~ ~ ~ ~ ~ ~ ~ ~ ~ ~
D ~ ~ ~ ~ ~ ~ ~ ~ ~ ~
E ~ ~ ~ ~ ~ ~ ~ ~ ~ ~
F ~ ~ ~ ~ ~ ~ ~ ~ ~ ~
G ~ ~ ~ ~ ~ ~ ~ ~ ~ ~
H ~ o o o o o ~ ~ ~ ~
I ~ ~ ~ ~ ~ ~ ~ ~ ~ ~
J ~ ~ ~ ~ ~ ~ ~ ~ ~ ~
Enter the coordinates of the Battleship (4 cells):
> F3 F6
[F3, F4, F5, F6]
- 1 2 3 4 5 6 7 8 9 10
A ~ ~ ~ ~ ~ ~ ~ ~ ~ ~
B ~ ~ ~ ~ ~ ~ ~ ~ ~ ~
C ~ ~ ~ ~ ~ ~ ~ ~ ~ ~
D ~ ~ ~ ~ ~ ~ ~ ~ ~ ~
E ~ ~ ~ ~ ~ ~ ~ ~ ~ ~
F ~ ~ o o o o ~ ~ ~ ~
G ~ ~ ~ ~ ~ ~ ~ ~ ~ ~
H ~ o o o o o ~ ~ ~ ~
I ~ ~ ~ ~ ~ ~ ~ ~ ~ ~
J ~ ~ ~ ~ ~ ~ ~ ~ ~ ~
Enter the coordinates of the Submarine (3 cells):
> H8 F8
[F8, G8, H8]
- 1 2 3 4 5 6 7 8 9 10
A ~ ~ ~ ~ ~ ~ ~ ~ ~ ~
B ~ ~ ~ ~ ~ ~ ~ ~ ~ ~
C ~ ~ ~ ~ ~ ~ ~ ~ ~ ~
D ~ ~ ~ ~ ~ ~ ~ ~ ~ ~
E ~ ~ ~ ~ ~ ~ ~ ~ ~ ~
F ~ ~ o o o o ~ o ~ ~
G ~ ~ ~ ~ ~ ~ ~ o ~ ~
H ~ o o o o o ~ o ~ ~
I ~ ~ ~ ~ ~ ~ ~ ~ ~ ~
J ~ ~ ~ ~ ~ ~ ~ ~ ~ ~
Enter the coordinates of the Cruiser (3 cells):
> D4 D6
[D4, D5, D6]
- 1 2 3 4 5 6 7 8 9 10
A ~ ~ ~ ~ ~ ~ ~ ~ ~ ~
B ~ ~ ~ ~ ~ ~ ~ ~ ~ ~
C ~ ~ ~ ~ ~ ~ ~ ~ ~ ~
D ~ ~ ~ o o o ~ ~ ~ ~
E ~ ~ ~ ~ ~ ~ ~ ~ ~ ~
F ~ ~ o o o o ~ o ~ ~
G ~ ~ ~ ~ ~ ~ ~ o ~ ~
H ~ o o o o o ~ o ~ ~
I ~ ~ ~ ~ ~ ~ ~ ~ ~ ~
J ~ ~ ~ ~ ~ ~ ~ ~ ~ ~
Enter the coordinates of the Destroyer (2 cells):
> D8 C8
[C8, D8]
- 1 2 3 4 5 6 7 8 9 10
A ~ ~ ~ ~ ~ ~ ~ ~ ~ ~
B ~ ~ ~ ~ ~ ~ ~ ~ ~ ~
C ~ ~ ~ ~ ~ ~ ~ o ~ ~
D ~ ~ ~ o o o ~ o ~ ~
E ~ ~ ~ ~ ~ ~ ~ ~ ~ ~
F ~ ~ o o o o ~ o ~ ~
G ~ ~ ~ ~ ~ ~ ~ o ~ ~
H ~ o o o o o ~ o ~ ~
I ~ ~ ~ ~ ~ ~ ~ ~ ~ ~
J ~ ~ ~ ~ ~ ~ ~ ~ ~ ~
Press Enter and pass the move to another player
> 
- 1 2 3 4 5 6 7 8 9 10
A ~ ~ ~ ~ ~ ~ ~ ~ ~ ~
B ~ ~ ~ ~ ~ ~ ~ ~ ~ ~
C ~ ~ ~ ~ ~ ~ ~ ~ ~ ~
D ~ ~ ~ ~ ~ ~ ~ ~ ~ ~
E ~ ~ ~ ~ ~ ~ ~ ~ ~ ~
F ~ ~ ~ ~ ~ ~ ~ ~ ~ ~
G ~ ~ ~ ~ ~ ~ ~ ~ ~ ~
H ~ ~ ~ ~ ~ ~ ~ ~ ~ ~
I ~ ~ ~ ~ ~ ~ ~ ~ ~ ~
J ~ ~ ~ ~ ~ ~ ~ ~ ~ ~
-----------------------
- 1 2 3 4 5 6 7 8 9 10
A o ~ ~ ~ ~ ~ ~ ~ ~ ~
B o ~ ~ ~ ~ ~ ~ ~ o ~
C o ~ ~ ~ ~ ~ ~ ~ o ~
D o ~ ~ ~ ~ ~ ~ ~ o ~
E ~ ~ ~ ~ ~ ~ ~ ~ ~ ~
F ~ ~ o o o o o ~ ~ ~
G ~ ~ ~ ~ ~ ~ ~ ~ ~ ~
H ~ ~ ~ ~ ~ ~ ~ ~ ~ ~
I ~ o ~ ~ ~ ~ ~ ~ ~ ~
J ~ o ~ ~ ~ ~ ~ o o o

Player 1, it's your turn:
> I3
You missed!
Press Enter and pass the move to another player
> 
- 1 2 3 4 5 6 7 8 9 10
A ~ ~ ~ ~ ~ ~ ~ ~ ~ ~
B ~ ~ ~ ~ ~ ~ ~ ~ ~ ~
C ~ ~ ~ ~ ~ ~ ~ ~ ~ ~
D ~ ~ ~ ~ ~ ~ ~ ~ ~ ~
E ~ ~ ~ ~ ~ ~ ~ ~ ~ ~
F ~ ~ ~ ~ ~ ~ ~ ~ ~ ~
G ~ ~ ~ ~ ~ ~ ~ ~ ~ ~
H ~ ~ ~ ~ ~ ~ ~ ~ ~ ~
I ~ ~ ~ ~ ~ ~ ~ ~ ~ ~
J ~ ~ ~ ~ ~ ~ ~ ~ ~ ~
-----------------------
- 1 2 3 4 5 6 7 8 9 10
A ~ ~ ~ ~ ~ ~ ~ ~ ~ ~
B ~ ~ ~ ~ ~ ~ ~ ~ ~ ~
C ~ ~ ~ ~ ~ ~ ~ o ~ ~
D ~ ~ ~ o o o ~ o ~ ~
E ~ ~ ~ ~ ~ ~ ~ ~ ~ ~
F ~ ~ o o o o ~ o ~ ~
G ~ ~ ~ ~ ~ ~ ~ o ~ ~
H ~ o o o o o ~ o ~ ~
I ~ ~ M ~ ~ ~ ~ ~ ~ ~
J ~ ~ ~ ~ ~ ~ ~ ~ ~ ~

Player 2, it's your turn:
> C9
C9
You hit a ship!
Press Enter and pass the move to another player
> 
- 1 2 3 4 5 6 7 8 9 10
A ~ ~ ~ ~ ~ ~ ~ ~ ~ ~
B ~ ~ ~ ~ ~ ~ ~ ~ ~ ~
C ~ ~ ~ ~ ~ ~ ~ ~ ~ ~
D ~ ~ ~ ~ ~ ~ ~ ~ ~ ~
E ~ ~ ~ ~ ~ ~ ~ ~ ~ ~
F ~ ~ ~ ~ ~ ~ ~ ~ ~ ~
G ~ ~ ~ ~ ~ ~ ~ ~ ~ ~
H ~ ~ ~ ~ ~ ~ ~ ~ ~ ~
I ~ ~ M ~ ~ ~ ~ ~ ~ ~
J ~ ~ ~ ~ ~ ~ ~ ~ ~ ~
-----------------------
- 1 2 3 4 5 6 7 8 9 10
A o ~ ~ ~ ~ ~ ~ ~ ~ ~
B o ~ ~ ~ ~ ~ ~ ~ o ~
C o ~ ~ ~ ~ ~ ~ ~ X ~
D o ~ ~ ~ ~ ~ ~ ~ o ~
E ~ ~ ~ ~ ~ ~ ~ ~ ~ ~
F ~ ~ o o o o o ~ ~ ~
G ~ ~ ~ ~ ~ ~ ~ ~ ~ ~
H ~ ~ ~ ~ ~ ~ ~ ~ ~ ~
I ~ o ~ ~ ~ ~ ~ ~ ~ ~
J ~ o ~ ~ ~ ~ ~ o o o

Player 1, it's your turn:
> D4
You hit a ship!
Press Enter and pass the move to another player
> 
- 1 2 3 4 5 6 7 8 9 10
A ~ ~ ~ ~ ~ ~ ~ ~ ~ ~
B ~ ~ ~ ~ ~ ~ ~ ~ ~ ~
C ~ ~ ~ ~ ~ ~ ~ ~ X ~
D ~ ~ ~ ~ ~ ~ ~ ~ ~ ~
E ~ ~ ~ ~ ~ ~ ~ ~ ~ ~
F ~ ~ ~ ~ ~ ~ ~ ~ ~ ~
G ~ ~ ~ ~ ~ ~ ~ ~ ~ ~
H ~ ~ ~ ~ ~ ~ ~ ~ ~ ~
I ~ ~ ~ ~ ~ ~ ~ ~ ~ ~
J ~ ~ ~ ~ ~ ~ ~ ~ ~ ~
-----------------------
- 1 2 3 4 5 6 7 8 9 10
A ~ ~ ~ ~ ~ ~ ~ ~ ~ ~
B ~ ~ ~ ~ ~ ~ ~ ~ ~ ~
C ~ ~ ~ ~ ~ ~ ~ o ~ ~
D ~ ~ ~ X o o ~ o ~ ~
E ~ ~ ~ ~ ~ ~ ~ ~ ~ ~
F ~ ~ o o o o ~ o ~ ~
G ~ ~ ~ ~ ~ ~ ~ o ~ ~
H ~ o o o o o ~ o ~ ~
I ~ ~ M ~ ~ ~ ~ ~ ~ ~
J ~ ~ ~ ~ ~ ~ ~ ~ ~ ~

Player 2, it's your turn:
> A1
A1
You hit a ship!
Press Enter and pass the move to another player
> 
- 1 2 3 4 5 6 7 8 9 10
A ~ ~ ~ ~ ~ ~ ~ ~ ~ ~
B ~ ~ ~ ~ ~ ~ ~ ~ ~ ~
C ~ ~ ~ ~ ~ ~ ~ ~ ~ ~
D ~ ~ ~ X ~ ~ ~ ~ ~ ~
E ~ ~ ~ ~ ~ ~ ~ ~ ~ ~
F ~ ~ ~ ~ ~ ~ ~ ~ ~ ~
G ~ ~ ~ ~ ~ ~ ~ ~ ~ ~
H ~ ~ ~ ~ ~ ~ ~ ~ ~ ~
I ~ ~ M ~ ~ ~ ~ ~ ~ ~
J ~ ~ ~ ~ ~ ~ ~ ~ ~ ~
-----------------------
- 1 2 3 4 5 6 7 8 9 10
A X ~ ~ ~ ~ ~ ~ ~ ~ ~
B o ~ ~ ~ ~ ~ ~ ~ o ~
C o ~ ~ ~ ~ ~ ~ ~ X ~
D o ~ ~ ~ ~ ~ ~ ~ o ~
E ~ ~ ~ ~ ~ ~ ~ ~ ~ ~
F ~ ~ o o o o o ~ ~ ~
G ~ ~ ~ ~ ~ ~ ~ ~ ~ ~
H ~ ~ ~ ~ ~ ~ ~ ~ ~ ~
I ~ o ~ ~ ~ ~ ~ ~ ~ ~
J ~ o ~ ~ ~ ~ ~ o o o

Player 1, it's your turn:
> D5
You hit a ship!
Press Enter and pass the move to another player
> 
- 1 2 3 4 5 6 7 8 9 10
A X ~ ~ ~ ~ ~ ~ ~ ~ ~
B ~ ~ ~ ~ ~ ~ ~ ~ ~ ~
C ~ ~ ~ ~ ~ ~ ~ ~ X ~
D ~ ~ ~ ~ ~ ~ ~ ~ ~ ~
E ~ ~ ~ ~ ~ ~ ~ ~ ~ ~
F ~ ~ ~ ~ ~ ~ ~ ~ ~ ~
G ~ ~ ~ ~ ~ ~ ~ ~ ~ ~
H ~ ~ ~ ~ ~ ~ ~ ~ ~ ~
I ~ ~ ~ ~ ~ ~ ~ ~ ~ ~
J ~ ~ ~ ~ ~ ~ ~ ~ ~ ~
-----------------------
- 1 2 3 4 5 6 7 8 9 10
A ~ ~ ~ ~ ~ ~ ~ ~ ~ ~
B ~ ~ ~ ~ ~ ~ ~ ~ ~ ~
C ~ ~ ~ ~ ~ ~ ~ o ~ ~
D ~ ~ ~ X X o ~ o ~ ~
E ~ ~ ~ ~ ~ ~ ~ ~ ~ ~
F ~ ~ o o o o ~ o ~ ~
G ~ ~ ~ ~ ~ ~ ~ o ~ ~
H ~ o o o o o ~ o ~ ~
I ~ ~ M ~ ~ ~ ~ ~ ~ ~
J ~ ~ ~ ~ ~ ~ ~ ~ ~ ~

Player 2, it's your turn:
> B1
B1
You hit a ship!
Press Enter and pass the move to another player
> 
- 1 2 3 4 5 6 7 8 9 10
A ~ ~ ~ ~ ~ ~ ~ ~ ~ ~
B ~ ~ ~ ~ ~ ~ ~ ~ ~ ~
C ~ ~ ~ ~ ~ ~ ~ ~ ~ ~
D ~ ~ ~ X X ~ ~ ~ ~ ~
E ~ ~ ~ ~ ~ ~ ~ ~ ~ ~
F ~ ~ ~ ~ ~ ~ ~ ~ ~ ~
G ~ ~ ~ ~ ~ ~ ~ ~ ~ ~
H ~ ~ ~ ~ ~ ~ ~ ~ ~ ~
I ~ ~ M ~ ~ ~ ~ ~ ~ ~
J ~ ~ ~ ~ ~ ~ ~ ~ ~ ~
-----------------------
- 1 2 3 4 5 6 7 8 9 10
A X ~ ~ ~ ~ ~ ~ ~ ~ ~
B X ~ ~ ~ ~ ~ ~ ~ o ~
C o ~ ~ ~ ~ ~ ~ ~ X ~
D o ~ ~ ~ ~ ~ ~ ~ o ~
E ~ ~ ~ ~ ~ ~ ~ ~ ~ ~
F ~ ~ o o o o o ~ ~ ~
G ~ ~ ~ ~ ~ ~ ~ ~ ~ ~
H ~ ~ ~ ~ ~ ~ ~ ~ ~ ~
I ~ o ~ ~ ~ ~ ~ ~ ~ ~
J ~ o ~ ~ ~ ~ ~ o o o

Player 1, it's your turn:
> D6
You sank a ship!
Press Enter and pass the move to another player
> 
- 1 2 3 4 5 6 7 8 9 10
A X ~ ~ ~ ~ ~ ~ ~ ~ ~
B X ~ ~ ~ ~ ~ ~ ~ ~ ~
C ~ ~ ~ ~ ~ ~ ~ ~ X ~
D ~ ~ ~ ~ ~ ~ ~ ~ ~ ~
E ~ ~ ~ ~ ~ ~ ~ ~ ~ ~
F ~ ~ ~ ~ ~ ~ ~ ~ ~ ~
G ~ ~ ~ ~ ~ ~ ~ ~ ~ ~
H ~ ~ ~ ~ ~ ~ ~ ~ ~ ~
I ~ ~ ~ ~ ~ ~ ~ ~ ~ ~
J ~ ~ ~ ~ ~ ~ ~ ~ ~ ~
-----------------------
- 1 2 3 4 5 6 7 8 9 10
A ~ ~ ~ ~ ~ ~ ~ ~ ~ ~
B ~ ~ ~ ~ ~ ~ ~ ~ ~ ~
C ~ ~ ~ ~ ~ ~ ~ o ~ ~
D ~ ~ ~ X X X ~ o ~ ~
E ~ ~ ~ ~ ~ ~ ~ ~ ~ ~
F ~ ~ o o o o ~ o ~ ~
G ~ ~ ~ ~ ~ ~ ~ o ~ ~
H ~ o o o o o ~ o ~ ~
I ~ ~ M ~ ~ ~ ~ ~ ~ ~
J ~ ~ ~ ~ ~ ~ ~ ~ ~ ~

Player 2, it's your turn:
> C1
C1
You hit a ship!
Press Enter and pass the move to another player
> 
- 1 2 3 4 5 6 7 8 9 10
A ~ ~ ~ ~ ~ ~ ~ ~ ~ ~
B ~ ~ ~ ~ ~ ~ ~ ~ ~ ~
C ~ ~ ~ ~ ~ ~ ~ ~ ~ ~
D ~ ~ ~ X X X ~ ~ ~ ~
E ~ ~ ~ ~ ~ ~ ~ ~ ~ ~
F ~ ~ ~ ~ ~ ~ ~ ~ ~ ~
G ~ ~ ~ ~ ~ ~ ~ ~ ~ ~
H ~ ~ ~ ~ ~ ~ ~ ~ ~ ~
I ~ ~ M ~ ~ ~ ~ ~ ~ ~
J ~ ~ ~ ~ ~ ~ ~ ~ ~ ~
-----------------------
- 1 2 3 4 5 6 7 8 9 10
A X ~ ~ ~ ~ ~ ~ ~ ~ ~
B X ~ ~ ~ ~ ~ ~ ~ o ~
C X ~ ~ ~ ~ ~ ~ ~ X ~
D o ~ ~ ~ ~ ~ ~ ~ o ~
E ~ ~ ~ ~ ~ ~ ~ ~ ~ ~
F ~ ~ o o o o o ~ ~ ~
G ~ ~ ~ ~ ~ ~ ~ ~ ~ ~
H ~ ~ ~ ~ ~ ~ ~ ~ ~ ~
I ~ o ~ ~ ~ ~ ~ ~ ~ ~
J ~ o ~ ~ ~ ~ ~ o o o

Player 1, it's your turn:
> C8
You sank a ship!
Press Enter and pass the move to another player
> 
- 1 2 3 4 5 6 7 8 9 10
A X ~ ~ ~ ~ ~ ~ ~ ~ ~
B X ~ ~ ~ ~ ~ ~ ~ ~ ~
C X ~ ~ ~ ~ ~ ~ ~ X ~
D ~ ~ ~ ~ ~ ~ ~ ~ ~ ~
E ~ ~ ~ ~ ~ ~ ~ ~ ~ ~
F ~ ~ ~ ~ ~ ~ ~ ~ ~ ~
G ~ ~ ~ ~ ~ ~ ~ ~ ~ ~
H ~ ~ ~ ~ ~ ~ ~ ~ ~ ~
I ~ ~ ~ ~ ~ ~ ~ ~ ~ ~
J ~ ~ ~ ~ ~ ~ ~ ~ ~ ~
-----------------------
- 1 2 3 4 5 6 7 8 9 10
A ~ ~ ~ ~ ~ ~ ~ ~ ~ ~
B ~ ~ ~ ~ ~ ~ ~ ~ ~ ~
C ~ ~ ~ ~ ~ ~ ~ X ~ ~
D ~ ~ ~ X X X ~ o ~ ~
E ~ ~ ~ ~ ~ ~ ~ ~ ~ ~
F ~ ~ o o o o ~ o ~ ~
G ~ ~ ~ ~ ~ ~ ~ o ~ ~
H ~ o o o o o ~ o ~ ~
I ~ ~ M ~ ~ ~ ~ ~ ~ ~
J ~ ~ ~ ~ ~ ~ ~ ~ ~ ~

Player 2, it's your turn:
> D1
D1
You sank a ship!
Press Enter and pass the move to another player
> 
- 1 2 3 4 5 6 7 8 9 10
A ~ ~ ~ ~ ~ ~ ~ ~ ~ ~
B ~ ~ ~ ~ ~ ~ ~ ~ ~ ~
C ~ ~ ~ ~ ~ ~ ~ X ~ ~
D ~ ~ ~ X X X ~ ~ ~ ~
E ~ ~ ~ ~ ~ ~ ~ ~ ~ ~
F ~ ~ ~ ~ ~ ~ ~ ~ ~ ~
G ~ ~ ~ ~ ~ ~ ~ ~ ~ ~
H ~ ~ ~ ~ ~ ~ ~ ~ ~ ~
I ~ ~ M ~ ~ ~ ~ ~ ~ ~
J ~ ~ ~ ~ ~ ~ ~ ~ ~ ~
-----------------------
- 1 2 3 4 5 6 7 8 9 10
A X ~ ~ ~ ~ ~ ~ ~ ~ ~
B X ~ ~ ~ ~ ~ ~ ~ o ~
C X ~ ~ ~ ~ ~ ~ ~ X ~
D X ~ ~ ~ ~ ~ ~ ~ o ~
E ~ ~ ~ ~ ~ ~ ~ ~ ~ ~
F ~ ~ o o o o o ~ ~ ~
G ~ ~ ~ ~ ~ ~ ~ ~ ~ ~
H ~ ~ ~ ~ ~ ~ ~ ~ ~ ~
I ~ o ~ ~ ~ ~ ~ ~ ~ ~
J ~ o ~ ~ ~ ~ ~ o o o

Player 1, it's your turn:
> D8
You sank a ship!
Press Enter and pass the move to another player
> 
- 1 2 3 4 5 6 7 8 9 10
A X ~ ~ ~ ~ ~ ~ ~ ~ ~
B X ~ ~ ~ ~ ~ ~ ~ ~ ~
C X ~ ~ ~ ~ ~ ~ ~ X ~
D X ~ ~ ~ ~ ~ ~ ~ ~ ~
E ~ ~ ~ ~ ~ ~ ~ ~ ~ ~
F ~ ~ ~ ~ ~ ~ ~ ~ ~ ~
G ~ ~ ~ ~ ~ ~ ~ ~ ~ ~
H ~ ~ ~ ~ ~ ~ ~ ~ ~ ~
I ~ ~ ~ ~ ~ ~ ~ ~ ~ ~
J ~ ~ ~ ~ ~ ~ ~ ~ ~ ~
-----------------------
- 1 2 3 4 5 6 7 8 9 10
A ~ ~ ~ ~ ~ ~ ~ ~ ~ ~
B ~ ~ ~ ~ ~ ~ ~ ~ ~ ~
C ~ ~ ~ ~ ~ ~ ~ X ~ ~
D ~ ~ ~ X X X ~ X ~ ~
E ~ ~ ~ ~ ~ ~ ~ ~ ~ ~
F ~ ~ o o o o ~ o ~ ~
G ~ ~ ~ ~ ~ ~ ~ o ~ ~
H ~ o o o o o ~ o ~ ~
I ~ ~ M ~ ~ ~ ~ ~ ~ ~
J ~ ~ ~ ~ ~ ~ ~ ~ ~ ~

Player 2, it's your turn:
> B9
B9
You sank a ship!
Press Enter and pass the move to another player
> 
- 1 2 3 4 5 6 7 8 9 10
A ~ ~ ~ ~ ~ ~ ~ ~ ~ ~
B ~ ~ ~ ~ ~ ~ ~ ~ ~ ~
C ~ ~ ~ ~ ~ ~ ~ X ~ ~
D ~ ~ ~ X X X ~ X ~ ~
E ~ ~ ~ ~ ~ ~ ~ ~ ~ ~
F ~ ~ ~ ~ ~ ~ ~ ~ ~ ~
G ~ ~ ~ ~ ~ ~ ~ ~ ~ ~
H ~ ~ ~ ~ ~ ~ ~ ~ ~ ~
I ~ ~ M ~ ~ ~ ~ ~ ~ ~
J ~ ~ ~ ~ ~ ~ ~ ~ ~ ~
-----------------------
- 1 2 3 4 5 6 7 8 9 10
A X ~ ~ ~ ~ ~ ~ ~ ~ ~
B X ~ ~ ~ ~ ~ ~ ~ X ~
C X ~ ~ ~ ~ ~ ~ ~ X ~
D X ~ ~ ~ ~ ~ ~ ~ o ~
E ~ ~ ~ ~ ~ ~ ~ ~ ~ ~
F ~ ~ o o o o o ~ ~ ~
G ~ ~ ~ ~ ~ ~ ~ ~ ~ ~
H ~ ~ ~ ~ ~ ~ ~ ~ ~ ~
I ~ o ~ ~ ~ ~ ~ ~ ~ ~
J ~ o ~ ~ ~ ~ ~ o o o

Player 1, it's your turn:
> F3
You sank a ship!
Press Enter and pass the move to another player
> 
- 1 2 3 4 5 6 7 8 9 10
A X ~ ~ ~ ~ ~ ~ ~ ~ ~
B X ~ ~ ~ ~ ~ ~ ~ X ~
C X ~ ~ ~ ~ ~ ~ ~ X ~
D X ~ ~ ~ ~ ~ ~ ~ ~ ~
E ~ ~ ~ ~ ~ ~ ~ ~ ~ ~
F ~ ~ ~ ~ ~ ~ ~ ~ ~ ~
G ~ ~ ~ ~ ~ ~ ~ ~ ~ ~
H ~ ~ ~ ~ ~ ~ ~ ~ ~ ~
I ~ ~ ~ ~ ~ ~ ~ ~ ~ ~
J ~ ~ ~ ~ ~ ~ ~ ~ ~ ~
-----------------------
- 1 2 3 4 5 6 7 8 9 10
A ~ ~ ~ ~ ~ ~ ~ ~ ~ ~
B ~ ~ ~ ~ ~ ~ ~ ~ ~ ~
C ~ ~ ~ ~ ~ ~ ~ X ~ ~
D ~ ~ ~ X X X ~ X ~ ~
E ~ ~ ~ ~ ~ ~ ~ ~ ~ ~
F ~ ~ X o o o ~ o ~ ~
G ~ ~ ~ ~ ~ ~ ~ o ~ ~
H ~ o o o o o ~ o ~ ~
I ~ ~ M ~ ~ ~ ~ ~ ~ ~
J ~ ~ ~ ~ ~ ~ ~ ~ ~ ~

Player 2, it's your turn:
> C9
C9
You missed!
Press Enter and pass the move to another player
> 
- 1 2 3 4 5 6 7 8 9 10
A ~ ~ ~ ~ ~ ~ ~ ~ ~ ~
B ~ ~ ~ ~ ~ ~ ~ ~ ~ ~
C ~ ~ ~ ~ ~ ~ ~ X ~ ~
D ~ ~ ~ X X X ~ X ~ ~
E ~ ~ ~ ~ ~ ~ ~ ~ ~ ~
F ~ ~ X ~ ~ ~ ~ ~ ~ ~
G ~ ~ ~ ~ ~ ~ ~ ~ ~ ~
H ~ ~ ~ ~ ~ ~ ~ ~ ~ ~
I ~ ~ M ~ ~ ~ ~ ~ ~ ~
J ~ ~ ~ ~ ~ ~ ~ ~ ~ ~
-----------------------
- 1 2 3 4 5 6 7 8 9 10
A X ~ ~ ~ ~ ~ ~ ~ ~ ~
B X ~ ~ ~ ~ ~ ~ ~ X ~
C X ~ ~ ~ ~ ~ ~ ~ M ~
D X ~ ~ ~ ~ ~ ~ ~ o ~
E ~ ~ ~ ~ ~ ~ ~ ~ ~ ~
F ~ ~ o o o o o ~ ~ ~
G ~ ~ ~ ~ ~ ~ ~ ~ ~ ~
H ~ ~ ~ ~ ~ ~ ~ ~ ~ ~
I ~ o ~ ~ ~ ~ ~ ~ ~ ~
J ~ o ~ ~ ~ ~ ~ o o o

Player 1, it's your turn:
> F4
You sank a ship!
Press Enter and pass the move to another player
> 
- 1 2 3 4 5 6 7 8 9 10
A X ~ ~ ~ ~ ~ ~ ~ ~ ~
B X ~ ~ ~ ~ ~ ~ ~ X ~
C X ~ ~ ~ ~ ~ ~ ~ M ~
D X ~ ~ ~ ~ ~ ~ ~ ~ ~
E ~ ~ ~ ~ ~ ~ ~ ~ ~ ~
F ~ ~ ~ ~ ~ ~ ~ ~ ~ ~
G ~ ~ ~ ~ ~ ~ ~ ~ ~ ~
H ~ ~ ~ ~ ~ ~ ~ ~ ~ ~
I ~ ~ ~ ~ ~ ~ ~ ~ ~ ~
J ~ ~ ~ ~ ~ ~ ~ ~ ~ ~
-----------------------
- 1 2 3 4 5 6 7 8 9 10
A ~ ~ ~ ~ ~ ~ ~ ~ ~ ~
B ~ ~ ~ ~ ~ ~ ~ ~ ~ ~
C ~ ~ ~ ~ ~ ~ ~ X ~ ~
D ~ ~ ~ X X X ~ X ~ ~
E ~ ~ ~ ~ ~ ~ ~ ~ ~ ~
F ~ ~ X X o o ~ o ~ ~
G ~ ~ ~ ~ ~ ~ ~ o ~ ~
H ~ o o o o o ~ o ~ ~
I ~ ~ M ~ ~ ~ ~ ~ ~ ~
J ~ ~ ~ ~ ~ ~ ~ ~ ~ ~

Player 2, it's your turn:
> D9
D9
You sank a ship!
Press Enter and pass the move to another player
> 
- 1 2 3 4 5 6 7 8 9 10
A ~ ~ ~ ~ ~ ~ ~ ~ ~ ~
B ~ ~ ~ ~ ~ ~ ~ ~ ~ ~
C ~ ~ ~ ~ ~ ~ ~ X ~ ~
D ~ ~ ~ X X X ~ X ~ ~
E ~ ~ ~ ~ ~ ~ ~ ~ ~ ~
F ~ ~ X X ~ ~ ~ ~ ~ ~
G ~ ~ ~ ~ ~ ~ ~ ~ ~ ~
H ~ ~ ~ ~ ~ ~ ~ ~ ~ ~
I ~ ~ M ~ ~ ~ ~ ~ ~ ~
J ~ ~ ~ ~ ~ ~ ~ ~ ~ ~
-----------------------
- 1 2 3 4 5 6 7 8 9 10
A X ~ ~ ~ ~ ~ ~ ~ ~ ~
B X ~ ~ ~ ~ ~ ~ ~ X ~
C X ~ ~ ~ ~ ~ ~ ~ M ~
D X ~ ~ ~ ~ ~ ~ ~ X ~
E ~ ~ ~ ~ ~ ~ ~ ~ ~ ~
F ~ ~ o o o o o ~ ~ ~
G ~ ~ ~ ~ ~ ~ ~ ~ ~ ~
H ~ ~ ~ ~ ~ ~ ~ ~ ~ ~
I ~ o ~ ~ ~ ~ ~ ~ ~ ~
J ~ o ~ ~ ~ ~ ~ o o o

Player 1, it's your turn:
> F5
You sank a ship!
Press Enter and pass the move to another player
> 
- 1 2 3 4 5 6 7 8 9 10
A X ~ ~ ~ ~ ~ ~ ~ ~ ~
B X ~ ~ ~ ~ ~ ~ ~ X ~
C X ~ ~ ~ ~ ~ ~ ~ M ~
D X ~ ~ ~ ~ ~ ~ ~ X ~
E ~ ~ ~ ~ ~ ~ ~ ~ ~ ~
F ~ ~ ~ ~ ~ ~ ~ ~ ~ ~
G ~ ~ ~ ~ ~ ~ ~ ~ ~ ~
H ~ ~ ~ ~ ~ ~ ~ ~ ~ ~
I ~ ~ ~ ~ ~ ~ ~ ~ ~ ~
J ~ ~ ~ ~ ~ ~ ~ ~ ~ ~
-----------------------
- 1 2 3 4 5 6 7 8 9 10
A ~ ~ ~ ~ ~ ~ ~ ~ ~ ~
B ~ ~ ~ ~ ~ ~ ~ ~ ~ ~
C ~ ~ ~ ~ ~ ~ ~ X ~ ~
D ~ ~ ~ X X X ~ X ~ ~
E ~ ~ ~ ~ ~ ~ ~ ~ ~ ~
F ~ ~ X X X o ~ o ~ ~
G ~ ~ ~ ~ ~ ~ ~ o ~ ~
H ~ o o o o o ~ o ~ ~
I ~ ~ M ~ ~ ~ ~ ~ ~ ~
J ~ ~ ~ ~ ~ ~ ~ ~ ~ ~

Player 2, it's your turn:
> F3
F3
You sank a ship!
Press Enter and pass the move to another player
> 
- 1 2 3 4 5 6 7 8 9 10
A ~ ~ ~ ~ ~ ~ ~ ~ ~ ~
B ~ ~ ~ ~ ~ ~ ~ ~ ~ ~
C ~ ~ ~ ~ ~ ~ ~ X ~ ~
D ~ ~ ~ X X X ~ X ~ ~
E ~ ~ ~ ~ ~ ~ ~ ~ ~ ~
F ~ ~ X X X ~ ~ ~ ~ ~
G ~ ~ ~ ~ ~ ~ ~ ~ ~ ~
H ~ ~ ~ ~ ~ ~ ~ ~ ~ ~
I ~ ~ M ~ ~ ~ ~ ~ ~ ~
J ~ ~ ~ ~ ~ ~ ~ ~ ~ ~
-----------------------
- 1 2 3 4 5 6 7 8 9 10
A X ~ ~ ~ ~ ~ ~ ~ ~ ~
B X ~ ~ ~ ~ ~ ~ ~ X ~
C X ~ ~ ~ ~ ~ ~ ~ M ~
D X ~ ~ ~ ~ ~ ~ ~ X ~
E ~ ~ ~ ~ ~ ~ ~ ~ ~ ~
F ~ ~ X o o o o ~ ~ ~
G ~ ~ ~ ~ ~ ~ ~ ~ ~ ~
H ~ ~ ~ ~ ~ ~ ~ ~ ~ ~
I ~ o ~ ~ ~ ~ ~ ~ ~ ~
J ~ o ~ ~ ~ ~ ~ o o o

Player 1, it's your turn:
> F6
You sank a ship!
Press Enter and pass the move to another player
> 
- 1 2 3 4 5 6 7 8 9 10
A X ~ ~ ~ ~ ~ ~ ~ ~ ~
B X ~ ~ ~ ~ ~ ~ ~ X ~
C X ~ ~ ~ ~ ~ ~ ~ M ~
D X ~ ~ ~ ~ ~ ~ ~ X ~
E ~ ~ ~ ~ ~ ~ ~ ~ ~ ~
F ~ ~ X ~ ~ ~ ~ ~ ~ ~
G ~ ~ ~ ~ ~ ~ ~ ~ ~ ~
H ~ ~ ~ ~ ~ ~ ~ ~ ~ ~
I ~ ~ ~ ~ ~ ~ ~ ~ ~ ~
J ~ ~ ~ ~ ~ ~ ~ ~ ~ ~
-----------------------
- 1 2 3 4 5 6 7 8 9 10
A ~ ~ ~ ~ ~ ~ ~ ~ ~ ~
B ~ ~ ~ ~ ~ ~ ~ ~ ~ ~
C ~ ~ ~ ~ ~ ~ ~ X ~ ~
D ~ ~ ~ X X X ~ X ~ ~
E ~ ~ ~ ~ ~ ~ ~ ~ ~ ~
F ~ ~ X X X X ~ o ~ ~
G ~ ~ ~ ~ ~ ~ ~ o ~ ~
H ~ o o o o o ~ o ~ ~
I ~ ~ M ~ ~ ~ ~ ~ ~ ~
J ~ ~ ~ ~ ~ ~ ~ ~ ~ ~

Player 2, it's your turn:
> F4
F4
You sank a ship!
Press Enter and pass the move to another player
> 
- 1 2 3 4 5 6 7 8 9 10
A ~ ~ ~ ~ ~ ~ ~ ~ ~ ~
B ~ ~ ~ ~ ~ ~ ~ ~ ~ ~
C ~ ~ ~ ~ ~ ~ ~ X ~ ~
D ~ ~ ~ X X X ~ X ~ ~
E ~ ~ ~ ~ ~ ~ ~ ~ ~ ~
F ~ ~ X X X X ~ ~ ~ ~
G ~ ~ ~ ~ ~ ~ ~ ~ ~ ~
H ~ ~ ~ ~ ~ ~ ~ ~ ~ ~
I ~ ~ M ~ ~ ~ ~ ~ ~ ~
J ~ ~ ~ ~ ~ ~ ~ ~ ~ ~
-----------------------
- 1 2 3 4 5 6 7 8 9 10
A X ~ ~ ~ ~ ~ ~ ~ ~ ~
B X ~ ~ ~ ~ ~ ~ ~ X ~
C X ~ ~ ~ ~ ~ ~ ~ M ~
D X ~ ~ ~ ~ ~ ~ ~ X ~
E ~ ~ ~ ~ ~ ~ ~ ~ ~ ~
F ~ ~ X X o o o ~ ~ ~
G ~ ~ ~ ~ ~ ~ ~ ~ ~ ~
H ~ ~ ~ ~ ~ ~ ~ ~ ~ ~
I ~ o ~ ~ ~ ~ ~ ~ ~ ~
J ~ o ~ ~ ~ ~ ~ o o o

Player 1, it's your turn:
> F7
You missed!
Press Enter and pass the move to another player
> 
- 1 2 3 4 5 6 7 8 9 10
A X ~ ~ ~ ~ ~ ~ ~ ~ ~
B X ~ ~ ~ ~ ~ ~ ~ X ~
C X ~ ~ ~ ~ ~ ~ ~ M ~
D X ~ ~ ~ ~ ~ ~ ~ X ~
E ~ ~ ~ ~ ~ ~ ~ ~ ~ ~
F ~ ~ X X ~ ~ ~ ~ ~ ~
G ~ ~ ~ ~ ~ ~ ~ ~ ~ ~
H ~ ~ ~ ~ ~ ~ ~ ~ ~ ~
I ~ ~ ~ ~ ~ ~ ~ ~ ~ ~
J ~ ~ ~ ~ ~ ~ ~ ~ ~ ~
-----------------------
- 1 2 3 4 5 6 7 8 9 10
A ~ ~ ~ ~ ~ ~ ~ ~ ~ ~
B ~ ~ ~ ~ ~ ~ ~ ~ ~ ~
C ~ ~ ~ ~ ~ ~ ~ X ~ ~
D ~ ~ ~ X X X ~ X ~ ~
E ~ ~ ~ ~ ~ ~ ~ ~ ~ ~
F ~ ~ X X X X M o ~ ~
G ~ ~ ~ ~ ~ ~ ~ o ~ ~
H ~ o o o o o ~ o ~ ~
I ~ ~ M ~ ~ ~ ~ ~ ~ ~
J ~ ~ ~ ~ ~ ~ ~ ~ ~ ~

Player 2, it's your turn:
> F5
F5
You sank a ship!
Press Enter and pass the move to another player
> 
- 1 2 3 4 5 6 7 8 9 10
A ~ ~ ~ ~ ~ ~ ~ ~ ~ ~
B ~ ~ ~ ~ ~ ~ ~ ~ ~ ~
C ~ ~ ~ ~ ~ ~ ~ X ~ ~
D ~ ~ ~ X X X ~ X ~ ~
E ~ ~ ~ ~ ~ ~ ~ ~ ~ ~
F ~ ~ X X X X M ~ ~ ~
G ~ ~ ~ ~ ~ ~ ~ ~ ~ ~
H ~ ~ ~ ~ ~ ~ ~ ~ ~ ~
I ~ ~ M ~ ~ ~ ~ ~ ~ ~
J ~ ~ ~ ~ ~ ~ ~ ~ ~ ~
-----------------------
- 1 2 3 4 5 6 7 8 9 10
A X ~ ~ ~ ~ ~ ~ ~ ~ ~
B X ~ ~ ~ ~ ~ ~ ~ X ~
C X ~ ~ ~ ~ ~ ~ ~ M ~
D X ~ ~ ~ ~ ~ ~ ~ X ~
E ~ ~ ~ ~ ~ ~ ~ ~ ~ ~
F ~ ~ X X X o o ~ ~ ~
G ~ ~ ~ ~ ~ ~ ~ ~ ~ ~
H ~ ~ ~ ~ ~ ~ ~ ~ ~ ~
I ~ o ~ ~ ~ ~ ~ ~ ~ ~
J ~ o ~ ~ ~ ~ ~ o o o

Player 1, it's your turn:
> D10
You missed!
Press Enter and pass the move to another player
> 
- 1 2 3 4 5 6 7 8 9 10
A X ~ ~ ~ ~ ~ ~ ~ ~ ~
B X ~ ~ ~ ~ ~ ~ ~ X ~
C X ~ ~ ~ ~ ~ ~ ~ M ~
D X ~ ~ ~ ~ ~ ~ ~ X ~
E ~ ~ ~ ~ ~ ~ ~ ~ ~ ~
F ~ ~ X X X ~ ~ ~ ~ ~
G ~ ~ ~ ~ ~ ~ ~ ~ ~ ~
H ~ ~ ~ ~ ~ ~ ~ ~ ~ ~
I ~ ~ ~ ~ ~ ~ ~ ~ ~ ~
J ~ ~ ~ ~ ~ ~ ~ ~ ~ ~
-----------------------
- 1 2 3 4 5 6 7 8 9 10
A ~ ~ ~ ~ ~ ~ ~ ~ ~ ~
B ~ ~ ~ ~ ~ ~ ~ ~ ~ ~
C ~ ~ ~ ~ ~ ~ ~ X ~ ~
D ~ ~ ~ X X X ~ X ~ M
E ~ ~ ~ ~ ~ ~ ~ ~ ~ ~
F ~ ~ X X X X M o ~ ~
G ~ ~ ~ ~ ~ ~ ~ o ~ ~
H ~ o o o o o ~ o ~ ~
I ~ ~ M ~ ~ ~ ~ ~ ~ ~
J ~ ~ ~ ~ ~ ~ ~ ~ ~ ~

Player 2, it's your turn:
> F6
F6
You sank a ship!
Press Enter and pass the move to another player
> 
- 1 2 3 4 5 6 7 8 9 10
A ~ ~ ~ ~ ~ ~ ~ ~ ~ ~
B ~ ~ ~ ~ ~ ~ ~ ~ ~ ~
C ~ ~ ~ ~ ~ ~ ~ X ~ ~
D ~ ~ ~ X X X ~ X ~ M
E ~ ~ ~ ~ ~ ~ ~ ~ ~ ~
F ~ ~ X X X X M ~ ~ ~
G ~ ~ ~ ~ ~ ~ ~ ~ ~ ~
H ~ ~ ~ ~ ~ ~ ~ ~ ~ ~
I ~ ~ M ~ ~ ~ ~ ~ ~ ~
J ~ ~ ~ ~ ~ ~ ~ ~ ~ ~
-----------------------
- 1 2 3 4 5 6 7 8 9 10
A X ~ ~ ~ ~ ~ ~ ~ ~ ~
B X ~ ~ ~ ~ ~ ~ ~ X ~
C X ~ ~ ~ ~ ~ ~ ~ M ~
D X ~ ~ ~ ~ ~ ~ ~ X ~
E ~ ~ ~ ~ ~ ~ ~ ~ ~ ~
F ~ ~ X X X X o ~ ~ ~
G ~ ~ ~ ~ ~ ~ ~ ~ ~ ~
H ~ ~ ~ ~ ~ ~ ~ ~ ~ ~
I ~ o ~ ~ ~ ~ ~ ~ ~ ~
J ~ o ~ ~ ~ ~ ~ o o o

Player 1, it's your turn:
> E10
You missed!
Press Enter and pass the move to another player
> 
- 1 2 3 4 5 6 7 8 9 10
A X ~ ~ ~ ~ ~ ~ ~ ~ ~
B X ~ ~ ~ ~ ~ ~ ~ X ~
C X ~ ~ ~ ~ ~ ~ ~ M ~
D X ~ ~ ~ ~ ~ ~ ~ X ~
E ~ ~ ~ ~ ~ ~ ~ ~ ~ ~
F ~ ~ X X X X ~ ~ ~ ~
G ~ ~ ~ ~ ~ ~ ~ ~ ~ ~
H ~ ~ ~ ~ ~ ~ ~ ~ ~ ~
I ~ ~ ~ ~ ~ ~ ~ ~ ~ ~
J ~ ~ ~ ~ ~ ~ ~ ~ ~ ~
-----------------------
- 1 2 3 4 5 6 7 8 9 10
A ~ ~ ~ ~ ~ ~ ~ ~ ~ ~
B ~ ~ ~ ~ ~ ~ ~ ~ ~ ~
C ~ ~ ~ ~ ~ ~ ~ X ~ ~
D ~ ~ ~ X X X ~ X ~ M
E ~ ~ ~ ~ ~ ~ ~ ~ ~ M
F ~ ~ X X X X M o ~ ~
G ~ ~ ~ ~ ~ ~ ~ o ~ ~
H ~ o o o o o ~ o ~ ~
I ~ ~ M ~ ~ ~ ~ ~ ~ ~
J ~ ~ ~ ~ ~ ~ ~ ~ ~ ~

Player 2, it's your turn:
> F7
F7
You sank a ship!
Press Enter and pass the move to another player
> 
- 1 2 3 4 5 6 7 8 9 10
A ~ ~ ~ ~ ~ ~ ~ ~ ~ ~
B ~ ~ ~ ~ ~ ~ ~ ~ ~ ~
C ~ ~ ~ ~ ~ ~ ~ X ~ ~
D ~ ~ ~ X X X ~ X ~ M
E ~ ~ ~ ~ ~ ~ ~ ~ ~ M
F ~ ~ X X X X M ~ ~ ~
G ~ ~ ~ ~ ~ ~ ~ ~ ~ ~
H ~ ~ ~ ~ ~ ~ ~ ~ ~ ~
I ~ ~ M ~ ~ ~ ~ ~ ~ ~
J ~ ~ ~ ~ ~ ~ ~ ~ ~ ~
-----------------------
- 1 2 3 4 5 6 7 8 9 10
A X ~ ~ ~ ~ ~ ~ ~ ~ ~
B X ~ ~ ~ ~ ~ ~ ~ X ~
C X ~ ~ ~ ~ ~ ~ ~ M ~
D X ~ ~ ~ ~ ~ ~ ~ X ~
E ~ ~ ~ ~ ~ ~ ~ ~ ~ ~
F ~ ~ X X X X X ~ ~ ~
G ~ ~ ~ ~ ~ ~ ~ ~ ~ ~
H ~ ~ ~ ~ ~ ~ ~ ~ ~ ~
I ~ o ~ ~ ~ ~ ~ ~ ~ ~
J ~ o ~ ~ ~ ~ ~ o o o

Player 1, it's your turn:
> F10
You missed!
Press Enter and pass the move to another player
> 
- 1 2 3 4 5 6 7 8 9 10
A X ~ ~ ~ ~ ~ ~ ~ ~ ~
B X ~ ~ ~ ~ ~ ~ ~ X ~
C X ~ ~ ~ ~ ~ ~ ~ M ~
D X ~ ~ ~ ~ ~ ~ ~ X ~
E ~ ~ ~ ~ ~ ~ ~ ~ ~ ~
F ~ ~ X X X X X ~ ~ ~
G ~ ~ ~ ~ ~ ~ ~ ~ ~ ~
H ~ ~ ~ ~ ~ ~ ~ ~ ~ ~
I ~ ~ ~ ~ ~ ~ ~ ~ ~ ~
J ~ ~ ~ ~ ~ ~ ~ ~ ~ ~
-----------------------
- 1 2 3 4 5 6 7 8 9 10
A ~ ~ ~ ~ ~ ~ ~ ~ ~ ~
B ~ ~ ~ ~ ~ ~ ~ ~ ~ ~
C ~ ~ ~ ~ ~ ~ ~ X ~ ~
D ~ ~ ~ X X X ~ X ~ M
E ~ ~ ~ ~ ~ ~ ~ ~ ~ M
F ~ ~ X X X X M o ~ M
G ~ ~ ~ ~ ~ ~ ~ o ~ ~
H ~ o o o o o ~ o ~ ~
I ~ ~ M ~ ~ ~ ~ ~ ~ ~
J ~ ~ ~ ~ ~ ~ ~ ~ ~ ~

Player 2, it's your turn:
> I2
I2
You sank a ship!
Press Enter and pass the move to another player
> 
- 1 2 3 4 5 6 7 8 9 10
A ~ ~ ~ ~ ~ ~ ~ ~ ~ ~
B ~ ~ ~ ~ ~ ~ ~ ~ ~ ~
C ~ ~ ~ ~ ~ ~ ~ X ~ ~
D ~ ~ ~ X X X ~ X ~ M
E ~ ~ ~ ~ ~ ~ ~ ~ ~ M
F ~ ~ X X X X M ~ ~ M
G ~ ~ ~ ~ ~ ~ ~ ~ ~ ~
H ~ ~ ~ ~ ~ ~ ~ ~ ~ ~
I ~ ~ M ~ ~ ~ ~ ~ ~ ~
J ~ ~ ~ ~ ~ ~ ~ ~ ~ ~
-----------------------
- 1 2 3 4 5 6 7 8 9 10
A X ~ ~ ~ ~ ~ ~ ~ ~ ~
B X ~ ~ ~ ~ ~ ~ ~ X ~
C X ~ ~ ~ ~ ~ ~ ~ M ~
D X ~ ~ ~ ~ ~ ~ ~ X ~
E ~ ~ ~ ~ ~ ~ ~ ~ ~ ~
F ~ ~ X X X X X ~ ~ ~
G ~ ~ ~ ~ ~ ~ ~ ~ ~ ~
H ~ ~ ~ ~ ~ ~ ~ ~ ~ ~
I ~ X ~ ~ ~ ~ ~ ~ ~ ~
J ~ o ~ ~ ~ ~ ~ o o o

Player 1, it's your turn:
> G10
You missed!
Press Enter and pass the move to another player
> 
- 1 2 3 4 5 6 7 8 9 10
A X ~ ~ ~ ~ ~ ~ ~ ~ ~
B X ~ ~ ~ ~ ~ ~ ~ X ~
C X ~ ~ ~ ~ ~ ~ ~ M ~
D X ~ ~ ~ ~ ~ ~ ~ X ~
E ~ ~ ~ ~ ~ ~ ~ ~ ~ ~
F ~ ~ X X X X X ~ ~ ~
G ~ ~ ~ ~ ~ ~ ~ ~ ~ ~
H ~ ~ ~ ~ ~ ~ ~ ~ ~ ~
I ~ X ~ ~ ~ ~ ~ ~ ~ ~
J ~ ~ ~ ~ ~ ~ ~ ~ ~ ~
-----------------------
- 1 2 3 4 5 6 7 8 9 10
A ~ ~ ~ ~ ~ ~ ~ ~ ~ ~
B ~ ~ ~ ~ ~ ~ ~ ~ ~ ~
C ~ ~ ~ ~ ~ ~ ~ X ~ ~
D ~ ~ ~ X X X ~ X ~ M
E ~ ~ ~ ~ ~ ~ ~ ~ ~ M
F ~ ~ X X X X M o ~ M
G ~ ~ ~ ~ ~ ~ ~ o ~ M
H ~ o o o o o ~ o ~ ~
I ~ ~ M ~ ~ ~ ~ ~ ~ ~
J ~ ~ ~ ~ ~ ~ ~ ~ ~ ~

Player 2, it's your turn:
> J2
J2
You sank a ship!
Press Enter and pass the move to another player
> 
- 1 2 3 4 5 6 7 8 9 10
A ~ ~ ~ ~ ~ ~ ~ ~ ~ ~
B ~ ~ ~ ~ ~ ~ ~ ~ ~ ~
C ~ ~ ~ ~ ~ ~ ~ X ~ ~
D ~ ~ ~ X X X ~ X ~ M
E ~ ~ ~ ~ ~ ~ ~ ~ ~ M
F ~ ~ X X X X M ~ ~ M
G ~ ~ ~ ~ ~ ~ ~ ~ ~ M
H ~ ~ ~ ~ ~ ~ ~ ~ ~ ~
I ~ ~ M ~ ~ ~ ~ ~ ~ ~
J ~ ~ ~ ~ ~ ~ ~ ~ ~ ~
-----------------------
- 1 2 3 4 5 6 7 8 9 10
A X ~ ~ ~ ~ ~ ~ ~ ~ ~
B X ~ ~ ~ ~ ~ ~ ~ X ~
C X ~ ~ ~ ~ ~ ~ ~ M ~
D X ~ ~ ~ ~ ~ ~ ~ X ~
E ~ ~ ~ ~ ~ ~ ~ ~ ~ ~
F ~ ~ X X X X X ~ ~ ~
G ~ ~ ~ ~ ~ ~ ~ ~ ~ ~
H ~ ~ ~ ~ ~ ~ ~ ~ ~ ~
I ~ X ~ ~ ~ ~ ~ ~ ~ ~
J ~ X ~ ~ ~ ~ ~ o o o

Player 1, it's your turn:
> J1
You missed!
Press Enter and pass the move to another player
> 
- 1 2 3 4 5 6 7 8 9 10
A X ~ ~ ~ ~ ~ ~ ~ ~ ~
B X ~ ~ ~ ~ ~ ~ ~ X ~
C X ~ ~ ~ ~ ~ ~ ~ M ~
D X ~ ~ ~ ~ ~ ~ ~ X ~
E ~ ~ ~ ~ ~ ~ ~ ~ ~ ~
F ~ ~ X X X X X ~ ~ ~
G ~ ~ ~ ~ ~ ~ ~ ~ ~ ~
H ~ ~ ~ ~ ~ ~ ~ ~ ~ ~
I ~ X ~ ~ ~ ~ ~ ~ ~ ~
J ~ X ~ ~ ~ ~ ~ ~ ~ ~
-----------------------
- 1 2 3 4 5 6 7 8 9 10
A ~ ~ ~ ~ ~ ~ ~ ~ ~ ~
B ~ ~ ~ ~ ~ ~ ~ ~ ~ ~
C ~ ~ ~ ~ ~ ~ ~ X ~ ~
D ~ ~ ~ X X X ~ X ~ M
E ~ ~ ~ ~ ~ ~ ~ ~ ~ M
F ~ ~ X X X X M o ~ M
G ~ ~ ~ ~ ~ ~ ~ o ~ M
H ~ o o o o o ~ o ~ ~
I ~ ~ M ~ ~ ~ ~ ~ ~ ~
J M ~ ~ ~ ~ ~ ~ ~ ~ ~

Player 2, it's your turn:
> J8
J8
You sank a ship!
Press Enter and pass the move to another player
> 
- 1 2 3 4 5 6 7 8 9 10
A ~ ~ ~ ~ ~ ~ ~ ~ ~ ~
B ~ ~ ~ ~ ~ ~ ~ ~ ~ ~
C ~ ~ ~ ~ ~ ~ ~ X ~ ~
D ~ ~ ~ X X X ~ X ~ M
E ~ ~ ~ ~ ~ ~ ~ ~ ~ M
F ~ ~ X X X X M ~ ~ M
G ~ ~ ~ ~ ~ ~ ~ ~ ~ M
H ~ ~ ~ ~ ~ ~ ~ ~ ~ ~
I ~ ~ M ~ ~ ~ ~ ~ ~ ~
J M ~ ~ ~ ~ ~ ~ ~ ~ ~
-----------------------
- 1 2 3 4 5 6 7 8 9 10
A X ~ ~ ~ ~ ~ ~ ~ ~ ~
B X ~ ~ ~ ~ ~ ~ ~ X ~
C X ~ ~ ~ ~ ~ ~ ~ M ~
D X ~ ~ ~ ~ ~ ~ ~ X ~
E ~ ~ ~ ~ ~ ~ ~ ~ ~ ~
F ~ ~ X X X X X ~ ~ ~
G ~ ~ ~ ~ ~ ~ ~ ~ ~ ~
H ~ ~ ~ ~ ~ ~ ~ ~ ~ ~
I ~ X ~ ~ ~ ~ ~ ~ ~ ~
J ~ X ~ ~ ~ ~ ~ X o o

Player 1, it's your turn:
> J2
You missed!
Press Enter and pass the move to another player
> 
- 1 2 3 4 5 6 7 8 9 10
A X ~ ~ ~ ~ ~ ~ ~ ~ ~
B X ~ ~ ~ ~ ~ ~ ~ X ~
C X ~ ~ ~ ~ ~ ~ ~ M ~
D X ~ ~ ~ ~ ~ ~ ~ X ~
E ~ ~ ~ ~ ~ ~ ~ ~ ~ ~
F ~ ~ X X X X X ~ ~ ~
G ~ ~ ~ ~ ~ ~ ~ ~ ~ ~
H ~ ~ ~ ~ ~ ~ ~ ~ ~ ~
I ~ X ~ ~ ~ ~ ~ ~ ~ ~
J ~ X ~ ~ ~ ~ ~ X ~ ~
-----------------------
- 1 2 3 4 5 6 7 8 9 10
A ~ ~ ~ ~ ~ ~ ~ ~ ~ ~
B ~ ~ ~ ~ ~ ~ ~ ~ ~ ~
C ~ ~ ~ ~ ~ ~ ~ X ~ ~
D ~ ~ ~ X X X ~ X ~ M
E ~ ~ ~ ~ ~ ~ ~ ~ ~ M
F ~ ~ X X X X M o ~ M
G ~ ~ ~ ~ ~ ~ ~ o ~ M
H ~ o o o o o ~ o ~ ~
I ~ ~ M ~ ~ ~ ~ ~ ~ ~
J M M ~ ~ ~ ~ ~ ~ ~ ~

Player 2, it's your turn:
> J9
J9
You sank a ship!
Press Enter and pass the move to another player
> 
- 1 2 3 4 5 6 7 8 9 10
A ~ ~ ~ ~ ~ ~ ~ ~ ~ ~
B ~ ~ ~ ~ ~ ~ ~ ~ ~ ~
C ~ ~ ~ ~ ~ ~ ~ X ~ ~
D ~ ~ ~ X X X ~ X ~ M
E ~ ~ ~ ~ ~ ~ ~ ~ ~ M
F ~ ~ X X X X M ~ ~ M
G ~ ~ ~ ~ ~ ~ ~ ~ ~ M
H ~ ~ ~ ~ ~ ~ ~ ~ ~ ~
I ~ ~ M ~ ~ ~ ~ ~ ~ ~
J M M ~ ~ ~ ~ ~ ~ ~ ~
-----------------------
- 1 2 3 4 5 6 7 8 9 10
A X ~ ~ ~ ~ ~ ~ ~ ~ ~
B X ~ ~ ~ ~ ~ ~ ~ X ~
C X ~ ~ ~ ~ ~ ~ ~ M ~
D X ~ ~ ~ ~ ~ ~ ~ X ~
E ~ ~ ~ ~ ~ ~ ~ ~ ~ ~
F ~ ~ X X X X X ~ ~ ~
G ~ ~ ~ ~ ~ ~ ~ ~ ~ ~
H ~ ~ ~ ~ ~ ~ ~ ~ ~ ~
I ~ X ~ ~ ~ ~ ~ ~ ~ ~
J ~ X ~ ~ ~ ~ ~ X X o

Player 1, it's your turn:
> J3
You missed!
Press Enter and pass the move to another player
> 
- 1 2 3 4 5 6 7 8 9 10
A X ~ ~ ~ ~ ~ ~ ~ ~ ~
B X ~ ~ ~ ~ ~ ~ ~ X ~
C X ~ ~ ~ ~ ~ ~ ~ M ~
D X ~ ~ ~ ~ ~ ~ ~ X ~
E ~ ~ ~ ~ ~ ~ ~ ~ ~ ~
F ~ ~ X X X X X ~ ~ ~
G ~ ~ ~ ~ ~ ~ ~ ~ ~ ~
H ~ ~ ~ ~ ~ ~ ~ ~ ~ ~
I ~ X ~ ~ ~ ~ ~ ~ ~ ~
J ~ X ~ ~ ~ ~ ~ X X ~
-----------------------
- 1 2 3 4 5 6 7 8 9 10
A ~ ~ ~ ~ ~ ~ ~ ~ ~ ~
B ~ ~ ~ ~ ~ ~ ~ ~ ~ ~
C ~ ~ ~ ~ ~ ~ ~ X ~ ~
D ~ ~ ~ X X X ~ X ~ M
E ~ ~ ~ ~ ~ ~ ~ ~ ~ M
F ~ ~ X X X X M o ~ M
G ~ ~ ~ ~ ~ ~ ~ o ~ M
H ~ o o o o o ~ o ~ ~
I ~ ~ M ~ ~ ~ ~ ~ ~ ~
J M M M ~ ~ ~ ~ ~ ~ ~

Player 2, it's your turn:
> J10
J10
- 1 2 3 4 5 6 7 8 9 10
A X ~ ~ ~ ~ ~ ~ ~ ~ ~
B X ~ ~ ~ ~ ~ ~ ~ X ~
C X ~ ~ ~ ~ ~ ~ ~ M ~
D X ~ ~ ~ ~ ~ ~ ~ X ~
E ~ ~ ~ ~ ~ ~ ~ ~ ~ ~
F ~ ~ X X X X X ~ ~ ~
G ~ ~ ~ ~ ~ ~ ~ ~ ~ ~
H ~ ~ ~ ~ ~ ~ ~ ~ ~ ~
I ~ X ~ ~ ~ ~ ~ ~ ~ ~
J ~ X ~ ~ ~ ~ ~ X X X
You sank the last ship. You won. Congratulations!
Press Enter and pass the move to another player
]]></system-out>
  <system-err><![CDATA[]]></system-err>
</testsuite>
